{
"contracts\\Lottery.sol":{"l":{"54":3,"55":3,"56":3,"57":3,"58":3,"59":3,"60":3,"61":3,"65":8,"66":1,"68":7,"69":1,"71":6,"74":6,"97":6,"98":6,"99":6,"100":6,"101":6,"108":2,"109":2,"110":0,"116":2,"123":2,"124":2,"131":0,"132":0,"133":0,"134":0,"135":0,"136":0,"137":0,"138":0,"139":0,"141":0,"146":1,"150":1,"154":0,"158":2,"162":0,"166":0,"170":1,"174":0,"178":0},"path":"C:\\xampp\\htdocs\\BlockChainProject\\LotteryRaffle\\contracts\\Lottery.sol","s":{"1":3,"2":3,"3":3,"4":3,"5":3,"6":3,"7":3,"8":3,"9":8,"10":7,"11":6,"12":6,"13":6,"14":6,"15":6,"16":6,"17":6,"18":2,"19":2,"20":2,"21":2,"22":2,"23":0,"24":0,"25":0,"26":0,"27":0,"28":0,"29":0,"30":0,"31":0,"32":1,"33":1,"34":0,"35":2,"36":0,"37":0,"38":1,"39":0,"40":0},"b":{"1":[1,7],"2":[1,6],"3":[0,2],"4":[0,0]},"f":{"1":3,"2":8,"3":6,"4":2,"5":0,"6":1,"7":1,"8":0,"9":2,"10":0,"11":0,"12":1,"13":0,"14":0},"fnMap":{"1":{"name":"constructor","line":53,"loc":{"start":{"line":46,"column":4},"end":{"line":62,"column":4}}},"2":{"name":"fundLottery","line":64,"loc":{"start":{"line":64,"column":4},"end":{"line":75,"column":4}}},"3":{"name":"checkUpkeep","line":86,"loc":{"start":{"line":86,"column":4},"end":{"line":103,"column":4}}},"4":{"name":"performUpkeep","line":105,"loc":{"start":{"line":105,"column":4},"end":{"line":125,"column":4}}},"5":{"name":"fulfillRandomWords","line":127,"loc":{"start":{"line":127,"column":4},"end":{"line":142,"column":4}}},"6":{"name":"getEthAmount","line":145,"loc":{"start":{"line":145,"column":4},"end":{"line":147,"column":4}}},"7":{"name":"getPlayer","line":149,"loc":{"start":{"line":149,"column":4},"end":{"line":151,"column":4}}},"8":{"name":"getRecentWinner","line":153,"loc":{"start":{"line":153,"column":4},"end":{"line":155,"column":4}}},"9":{"name":"getRaffleState","line":157,"loc":{"start":{"line":157,"column":4},"end":{"line":159,"column":4}}},"10":{"name":"getnumWords","line":161,"loc":{"start":{"line":161,"column":4},"end":{"line":163,"column":4}}},"11":{"name":"getLastTimeStamp","line":165,"loc":{"start":{"line":165,"column":4},"end":{"line":167,"column":4}}},"12":{"name":"getInterval","line":169,"loc":{"start":{"line":169,"column":4},"end":{"line":171,"column":4}}},"13":{"name":"getNumberOfPlayers","line":173,"loc":{"start":{"line":173,"column":4},"end":{"line":175,"column":4}}},"14":{"name":"getVRFCoordinator","line":177,"loc":{"start":{"line":177,"column":4},"end":{"line":179,"column":4}}}},"statementMap":{"1":{"start":{"line":54,"column":8},"end":{"line":54,"column":30}},"2":{"start":{"line":55,"column":8},"end":{"line":55,"column":67}},"3":{"start":{"line":56,"column":8},"end":{"line":56,"column":26}},"4":{"start":{"line":57,"column":8},"end":{"line":57,"column":40}},"5":{"start":{"line":58,"column":8},"end":{"line":58,"column":44}},"6":{"start":{"line":59,"column":8},"end":{"line":59,"column":39}},"7":{"start":{"line":60,"column":8},"end":{"line":60,"column":40}},"8":{"start":{"line":61,"column":8},"end":{"line":61,"column":28}},"9":{"start":{"line":65,"column":8},"end":{"line":65,"column":2231}},"10":{"start":{"line":68,"column":8},"end":{"line":68,"column":2329}},"11":{"start":{"line":71,"column":8},"end":{"line":71,"column":42}},"12":{"start":{"line":74,"column":8},"end":{"line":74,"column":36}},"13":{"start":{"line":97,"column":8},"end":{"line":97,"column":55}},"14":{"start":{"line":98,"column":8},"end":{"line":98,"column":46}},"15":{"start":{"line":99,"column":8},"end":{"line":99,"column":50}},"16":{"start":{"line":100,"column":8},"end":{"line":100,"column":75}},"17":{"start":{"line":101,"column":8},"end":{"line":101,"column":70}},"18":{"start":{"line":108,"column":8},"end":{"line":108,"column":47}},"19":{"start":{"line":109,"column":8},"end":{"line":109,"column":3792}},"20":{"start":{"line":116,"column":8},"end":{"line":116,"column":4015}},"21":{"start":{"line":123,"column":8},"end":{"line":123,"column":46}},"22":{"start":{"line":124,"column":8},"end":{"line":124,"column":45}},"23":{"start":{"line":131,"column":8},"end":{"line":131,"column":68}},"24":{"start":{"line":132,"column":8},"end":{"line":132,"column":66}},"25":{"start":{"line":133,"column":8},"end":{"line":133,"column":36}},"26":{"start":{"line":134,"column":8},"end":{"line":134,"column":39}},"27":{"start":{"line":135,"column":8},"end":{"line":135,"column":43}},"28":{"start":{"line":136,"column":8},"end":{"line":136,"column":40}},"29":{"start":{"line":137,"column":8},"end":{"line":137,"column":78}},"30":{"start":{"line":138,"column":8},"end":{"line":138,"column":4870}},"31":{"start":{"line":141,"column":8},"end":{"line":141,"column":40}},"32":{"start":{"line":146,"column":8},"end":{"line":146,"column":26}},"33":{"start":{"line":150,"column":8},"end":{"line":150,"column":31}},"34":{"start":{"line":154,"column":8},"end":{"line":154,"column":29}},"35":{"start":{"line":158,"column":8},"end":{"line":158,"column":28}},"36":{"start":{"line":162,"column":8},"end":{"line":162,"column":23}},"37":{"start":{"line":166,"column":8},"end":{"line":166,"column":30}},"38":{"start":{"line":170,"column":8},"end":{"line":170,"column":25}},"39":{"start":{"line":174,"column":8},"end":{"line":174,"column":31}},"40":{"start":{"line":178,"column":8},"end":{"line":178,"column":31}}},"branchMap":{"1":{"line":65,"type":"if","locations":[{"start":{"line":65,"column":8},"end":{"line":65,"column":8}},{"start":{"line":65,"column":8},"end":{"line":65,"column":8}}]},"2":{"line":68,"type":"if","locations":[{"start":{"line":68,"column":8},"end":{"line":68,"column":8}},{"start":{"line":68,"column":8},"end":{"line":68,"column":8}}]},"3":{"line":109,"type":"if","locations":[{"start":{"line":109,"column":8},"end":{"line":109,"column":8}},{"start":{"line":109,"column":8},"end":{"line":109,"column":8}}]},"4":{"line":138,"type":"if","locations":[{"start":{"line":138,"column":8},"end":{"line":138,"column":8}},{"start":{"line":138,"column":8},"end":{"line":138,"column":8}}]}}},
"contracts\\test\\VRFCoordinatorV2Mock.sol":{"l":{},"path":"C:\\xampp\\htdocs\\BlockChainProject\\LotteryRaffle\\contracts\\test\\VRFCoordinatorV2Mock.sol","s":{},"b":{},"f":{},"fnMap":{},"statementMap":{},"branchMap":{}}}
