TN:
SF:C:\xampp\htdocs\BlockChainProject\LotteryRaffle\contracts\Lottery.sol
FN:53,constructor
FN:64,fundLottery
FN:86,checkUpkeep
FN:105,performUpkeep
FN:127,fulfillRandomWords
FN:145,getEthAmount
FN:149,getPlayer
FN:153,getRecentWinner
FN:157,getRaffleState
FN:161,getnumWords
FN:165,getLastTimeStamp
FN:169,getInterval
FN:173,getNumberOfPlayers
FN:177,getVRFCoordinator
FNF:14
FNH:12
FNDA:3,constructor
FNDA:15,fundLottery
FNDA:10,checkUpkeep
FNDA:5,performUpkeep
FNDA:1,fulfillRandomWords
FNDA:1,getEthAmount
FNDA:1,getPlayer
FNDA:1,getRecentWinner
FNDA:4,getRaffleState
FNDA:0,getnumWords
FNDA:2,getLastTimeStamp
FNDA:1,getInterval
FNDA:1,getNumberOfPlayers
FNDA:0,getVRFCoordinator
DA:54,3
DA:55,3
DA:56,3
DA:57,3
DA:58,3
DA:59,3
DA:60,3
DA:61,3
DA:65,15
DA:66,1
DA:68,14
DA:69,1
DA:71,13
DA:74,13
DA:97,10
DA:98,10
DA:99,10
DA:100,10
DA:101,10
DA:108,5
DA:109,5
DA:110,1
DA:116,4
DA:123,4
DA:124,4
DA:131,1
DA:132,1
DA:133,1
DA:134,1
DA:135,1
DA:136,1
DA:137,1
DA:138,1
DA:139,0
DA:141,1
DA:146,1
DA:150,1
DA:154,1
DA:158,4
DA:162,0
DA:166,2
DA:170,1
DA:174,1
DA:178,0
LF:44
LH:41
BRDA:65,1,0,1
BRDA:65,1,1,14
BRDA:68,2,0,1
BRDA:68,2,1,13
BRDA:109,3,0,1
BRDA:109,3,1,4
BRDA:138,4,0,0
BRDA:138,4,1,1
BRF:8
BRH:7
end_of_record
TN:
SF:C:\xampp\htdocs\BlockChainProject\LotteryRaffle\contracts\test\VRFCoordinatorV2Mock.sol
FNF:0
FNH:0
LF:0
LH:0
BRF:0
BRH:0
end_of_record
