TN:
SF:C:\xampp\htdocs\BlockChainProject\LotteryRaffle\contracts\Lottery.sol
FN:53,constructor
FN:64,fundLottery
FN:86,checkUpkeep
FN:105,performUpkeep
FN:127,fulfillRandomWords
FN:145,getEthAmount
FN:149,getPlayer
FN:153,getRecentWinner
FN:157,getRaffleState
FN:161,getnumWords
FN:165,getLastTimeStamp
FN:169,getInterval
FN:173,getNumberOfPlayers
FN:177,getVRFCoordinator
FNF:14
FNH:8
FNDA:3,constructor
FNDA:8,fundLottery
FNDA:6,checkUpkeep
FNDA:2,performUpkeep
FNDA:0,fulfillRandomWords
FNDA:1,getEthAmount
FNDA:1,getPlayer
FNDA:0,getRecentWinner
FNDA:2,getRaffleState
FNDA:0,getnumWords
FNDA:0,getLastTimeStamp
FNDA:1,getInterval
FNDA:0,getNumberOfPlayers
FNDA:0,getVRFCoordinator
DA:54,3
DA:55,3
DA:56,3
DA:57,3
DA:58,3
DA:59,3
DA:60,3
DA:61,3
DA:65,8
DA:66,1
DA:68,7
DA:69,1
DA:71,6
DA:74,6
DA:97,6
DA:98,6
DA:99,6
DA:100,6
DA:101,6
DA:108,2
DA:109,2
DA:110,0
DA:116,2
DA:123,2
DA:124,2
DA:131,0
DA:132,0
DA:133,0
DA:134,0
DA:135,0
DA:136,0
DA:137,0
DA:138,0
DA:139,0
DA:141,0
DA:146,1
DA:150,1
DA:154,0
DA:158,2
DA:162,0
DA:166,0
DA:170,1
DA:174,0
DA:178,0
LF:44
LH:28
BRDA:65,1,0,1
BRDA:65,1,1,7
BRDA:68,2,0,1
BRDA:68,2,1,6
BRDA:109,3,0,0
BRDA:109,3,1,2
BRDA:138,4,0,0
BRDA:138,4,1,0
BRF:8
BRH:5
end_of_record
TN:
SF:C:\xampp\htdocs\BlockChainProject\LotteryRaffle\contracts\test\VRFCoordinatorV2Mock.sol
FNF:0
FNH:0
LF:0
LH:0
BRF:0
BRH:0
end_of_record
